pygame 2.6.1 (SDL 2.28.4, Python 3.13.2)
Hello from the pygame community. https://www.pygame.org/contribute.html
Game server URL: wss://game-server.localhost.devcom.vt.edu:443/59973082-f045-43e0-b23a-a2a3cb3c977a
Placed ship 'Destroyer' on board at (0,0)
Placed Destroyer at (0,0)
Placed ship 'Submarine' on board at (1,0)
Placed Submarine at (1,0)
Placed ship 'Cruiser' on board at (0,2)
Placed Cruiser at (0,2)
Placed ship 'Battleship' on board at (1,3)
Placed Battleship at (1,3)
Placed ship 'Carrier' on board at (0,5)
Placed Carrier at (0,5)
Finished placing ships and sent to server.
[DEBUG] Received event object: {'event': 'TurnEvent', 'message': "It is now alice's turn.", 'player_id': 'alice'} (<class 'dict'>)
[DEBUG] Received event object: {'event': 'AttackEvent', 'message': 'alice attacked (0, 0) - hit', 'attacker_id': 'alice', 'row': 0, 'col': 0, 'result': 'hit'} (<class 'dict'>)
[DEBUG] Received event object: {'event': 'TurnEvent', 'message': "It is now bob's turn.", 'player_id': 'bob'} (<class 'dict'>)
[DEBUG] Received event object: {'event': 'AttackEvent', 'message': 'bob attacked (0, 0) - hit', 'attacker_id': 'bob', 'row': 0, 'col': 0, 'result': 'hit'} (<class 'dict'>)
[DEBUG] Received event object: {'event': 'TurnEvent', 'message': "It is now alice's turn.", 'player_id': 'alice'} (<class 'dict'>)
[DEBUG] Received event object: {'event': 'AttackEvent', 'message': 'alice attacked (0, 1) - hit', 'attacker_id': 'alice', 'row': 0, 'col': 1, 'result': 'hit'} (<class 'dict'>)
[DEBUG] Received event object: {'event': 'ShipSunkEvent', 'message': 'alice sank Destroyer', 'attacker_id': 'alice', 'ship_name': 'Destroyer'} (<class 'dict'>)
[DEBUG] Received event object: {'event': 'TurnEvent', 'message': "It is now bob's turn.", 'player_id': 'bob'} (<class 'dict'>)
[DEBUG] Received event object: {'event': 'AttackEvent', 'message': 'bob attacked (2, 0) - miss', 'attacker_id': 'bob', 'row': 2, 'col': 0, 'result': 'miss'} (<class 'dict'>)
[DEBUG] Received event object: {'event': 'TurnEvent', 'message': "It is now alice's turn.", 'player_id': 'alice'} (<class 'dict'>)
[DEBUG] Received event object: {'event': 'AttackEvent', 'message': 'alice attacked (1, 0) - hit', 'attacker_id': 'alice', 'row': 1, 'col': 0, 'result': 'hit'} (<class 'dict'>)
[DEBUG] Received event object: {'event': 'TurnEvent', 'message': "It is now bob's turn.", 'player_id': 'bob'} (<class 'dict'>)
[DEBUG] Received event object: {'event': 'AttackEvent', 'message': 'bob attacked (2, 3) - miss', 'attacker_id': 'bob', 'row': 2, 'col': 3, 'result': 'miss'} (<class 'dict'>)
[DEBUG] Received event object: {'event': 'TurnEvent', 'message': "It is now alice's turn.", 'player_id': 'alice'} (<class 'dict'>)
[DEBUG] Received event object: {'event': 'AttackEvent', 'message': 'alice attacked (1, 1) - hit', 'attacker_id': 'alice', 'row': 1, 'col': 1, 'result': 'hit'} (<class 'dict'>)
[DEBUG] Received event object: {'event': 'TurnEvent', 'message': "It is now bob's turn.", 'player_id': 'bob'} (<class 'dict'>)
[DEBUG] Received event object: {'event': 'AttackEvent', 'message': 'bob attacked (5, 4) - miss', 'attacker_id': 'bob', 'row': 5, 'col': 4, 'result': 'miss'} (<class 'dict'>)
[DEBUG] Received event object: {'event': 'TurnEvent', 'message': "It is now alice's turn.", 'player_id': 'alice'} (<class 'dict'>)
[DEBUG] Received event object: {'event': 'AttackEvent', 'message': 'alice attacked (1, 2) - hit', 'attacker_id': 'alice', 'row': 1, 'col': 2, 'result': 'hit'} (<class 'dict'>)
[DEBUG] Received event object: {'event': 'ShipSunkEvent', 'message': 'alice sank Submarine', 'attacker_id': 'alice', 'ship_name': 'Submarine'} (<class 'dict'>)
[DEBUG] Received event object: {'event': 'TurnEvent', 'message': "It is now bob's turn.", 'player_id': 'bob'} (<class 'dict'>)
[DEBUG] Received event object: {'event': 'AttackEvent', 'message': 'bob attacked (4, 3) - miss', 'attacker_id': 'bob', 'row': 4, 'col': 3, 'result': 'miss'} (<class 'dict'>)
[DEBUG] Received event object: {'event': 'TurnEvent', 'message': "It is now alice's turn.", 'player_id': 'alice'} (<class 'dict'>)
[DEBUG] Received event object: {'event': 'AttackEvent', 'message': 'alice attacked (0, 2) - hit', 'attacker_id': 'alice', 'row': 0, 'col': 2, 'result': 'hit'} (<class 'dict'>)
[DEBUG] Received event object: {'event': 'TurnEvent', 'message': "It is now bob's turn.", 'player_id': 'bob'} (<class 'dict'>)
[DEBUG] Received event object: {'event': 'AttackEvent', 'message': 'bob attacked (2, 4) - miss', 'attacker_id': 'bob', 'row': 2, 'col': 4, 'result': 'miss'} (<class 'dict'>)
[DEBUG] Received event object: {'event': 'TurnEvent', 'message': "It is now alice's turn.", 'player_id': 'alice'} (<class 'dict'>)
[DEBUG] Received event object: {'event': 'AttackEvent', 'message': 'alice attacked (0, 3) - hit', 'attacker_id': 'alice', 'row': 0, 'col': 3, 'result': 'hit'} (<class 'dict'>)
[DEBUG] Received event object: {'event': 'TurnEvent', 'message': "It is now bob's turn.", 'player_id': 'bob'} (<class 'dict'>)
[DEBUG] Received event object: {'event': 'AttackEvent', 'message': 'bob attacked (4, 6) - miss', 'attacker_id': 'bob', 'row': 4, 'col': 6, 'result': 'miss'} (<class 'dict'>)
[DEBUG] Received event object: {'event': 'TurnEvent', 'message': "It is now alice's turn.", 'player_id': 'alice'} (<class 'dict'>)
[DEBUG] Received event object: {'event': 'AttackEvent', 'message': 'alice attacked (0, 4) - hit', 'attacker_id': 'alice', 'row': 0, 'col': 4, 'result': 'hit'} (<class 'dict'>)
[DEBUG] Received event object: {'event': 'ShipSunkEvent', 'message': 'alice sank Cruiser', 'attacker_id': 'alice', 'ship_name': 'Cruiser'} (<class 'dict'>)
[DEBUG] Received event object: {'event': 'TurnEvent', 'message': "It is now bob's turn.", 'player_id': 'bob'} (<class 'dict'>)
[DEBUG] Received event object: {'event': 'AttackEvent', 'message': 'bob attacked (7, 8) - miss', 'attacker_id': 'bob', 'row': 7, 'col': 8, 'result': 'miss'} (<class 'dict'>)
[DEBUG] Received event object: {'event': 'TurnEvent', 'message': "It is now alice's turn.", 'player_id': 'alice'} (<class 'dict'>)
[DEBUG] Received event object: {'event': 'AttackEvent', 'message': 'alice attacked (1, 3) - hit', 'attacker_id': 'alice', 'row': 1, 'col': 3, 'result': 'hit'} (<class 'dict'>)
[DEBUG] Received event object: {'event': 'TurnEvent', 'message': "It is now bob's turn.", 'player_id': 'bob'} (<class 'dict'>)
[DEBUG] Received event object: {'event': 'AttackEvent', 'message': 'bob attacked (8, 6) - miss', 'attacker_id': 'bob', 'row': 8, 'col': 6, 'result': 'miss'} (<class 'dict'>)
[DEBUG] Received event object: {'event': 'TurnEvent', 'message': "It is now alice's turn.", 'player_id': 'alice'} (<class 'dict'>)
[DEBUG] Received event object: {'event': 'AttackEvent', 'message': 'alice attacked (1, 4) - hit', 'attacker_id': 'alice', 'row': 1, 'col': 4, 'result': 'hit'} (<class 'dict'>)
[DEBUG] Received event object: {'event': 'TurnEvent', 'message': "It is now bob's turn.", 'player_id': 'bob'} (<class 'dict'>)
[DEBUG] Received event object: {'event': 'AttackEvent', 'message': 'bob attacked (3, 3) - miss', 'attacker_id': 'bob', 'row': 3, 'col': 3, 'result': 'miss'} (<class 'dict'>)
[DEBUG] Received event object: {'event': 'TurnEvent', 'message': "It is now alice's turn.", 'player_id': 'alice'} (<class 'dict'>)
[DEBUG] Received event object: {'event': 'AttackEvent', 'message': 'alice attacked (0, 5) - hit', 'attacker_id': 'alice', 'row': 0, 'col': 5, 'result': 'hit'} (<class 'dict'>)
[DEBUG] Received event object: {'event': 'TurnEvent', 'message': "It is now bob's turn.", 'player_id': 'bob'} (<class 'dict'>)
[DEBUG] Received event object: {'event': 'AttackEvent', 'message': 'bob attacked (0, 4) - hit', 'attacker_id': 'bob', 'row': 0, 'col': 4, 'result': 'hit'} (<class 'dict'>)
[DEBUG] Received event object: {'event': 'TurnEvent', 'message': "It is now alice's turn.", 'player_id': 'alice'} (<class 'dict'>)
[DEBUG] Received event object: {'event': 'AttackEvent', 'message': 'alice attacked (1, 5) - hit', 'attacker_id': 'alice', 'row': 1, 'col': 5, 'result': 'hit'} (<class 'dict'>)
[DEBUG] Received event object: {'event': 'TurnEvent', 'message': "It is now bob's turn.", 'player_id': 'bob'} (<class 'dict'>)
[DEBUG] Received event object: {'event': 'AttackEvent', 'message': 'bob attacked (2, 6) - miss', 'attacker_id': 'bob', 'row': 2, 'col': 6, 'result': 'miss'} (<class 'dict'>)
[DEBUG] Received event object: {'event': 'TurnEvent', 'message': "It is now alice's turn.", 'player_id': 'alice'} (<class 'dict'>)
[DEBUG] Received event object: {'event': 'AttackEvent', 'message': 'alice attacked (1, 6) - hit', 'attacker_id': 'alice', 'row': 1, 'col': 6, 'result': 'hit'} (<class 'dict'>)
[DEBUG] Received event object: {'event': 'ShipSunkEvent', 'message': 'alice sank Battleship', 'attacker_id': 'alice', 'ship_name': 'Battleship'} (<class 'dict'>)
[DEBUG] Received event object: {'event': 'TurnEvent', 'message': "It is now bob's turn.", 'player_id': 'bob'} (<class 'dict'>)
[DEBUG] Received event object: {'event': 'AttackEvent', 'message': 'bob attacked (1, 3) - hit', 'attacker_id': 'bob', 'row': 1, 'col': 3, 'result': 'hit'} (<class 'dict'>)
[DEBUG] Received event object: {'event': 'TurnEvent', 'message': "It is now alice's turn.", 'player_id': 'alice'} (<class 'dict'>)
[DEBUG] Received event object: {'event': 'AttackEvent', 'message': 'alice attacked (0, 6) - hit', 'attacker_id': 'alice', 'row': 0, 'col': 6, 'result': 'hit'} (<class 'dict'>)
[DEBUG] Received event object: {'event': 'TurnEvent', 'message': "It is now bob's turn.", 'player_id': 'bob'} (<class 'dict'>)
[DEBUG] Received event object: {'event': 'AttackEvent', 'message': 'bob attacked (5, 2) - miss', 'attacker_id': 'bob', 'row': 5, 'col': 2, 'result': 'miss'} (<class 'dict'>)
[DEBUG] Received event object: {'event': 'TurnEvent', 'message': "It is now alice's turn.", 'player_id': 'alice'} (<class 'dict'>)
[DEBUG] Received event object: {'event': 'AttackEvent', 'message': 'alice attacked (0, 7) - hit', 'attacker_id': 'alice', 'row': 0, 'col': 7, 'result': 'hit'} (<class 'dict'>)
[DEBUG] Received event object: {'event': 'TurnEvent', 'message': "It is now bob's turn.", 'player_id': 'bob'} (<class 'dict'>)
[DEBUG] Received event object: {'event': 'AttackEvent', 'message': 'bob attacked (7, 3) - miss', 'attacker_id': 'bob', 'row': 7, 'col': 3, 'result': 'miss'} (<class 'dict'>)
[DEBUG] Received event object: {'event': 'TurnEvent', 'message': "It is now alice's turn.", 'player_id': 'alice'} (<class 'dict'>)
[DEBUG] Received event object: {'event': 'AttackEvent', 'message': 'alice attacked (0, 8) - hit', 'attacker_id': 'alice', 'row': 0, 'col': 8, 'result': 'hit'} (<class 'dict'>)
[DEBUG] Received event object: {'event': 'TurnEvent', 'message': "It is now bob's turn.", 'player_id': 'bob'} (<class 'dict'>)
[DEBUG] Received event object: {'event': 'AttackEvent', 'message': 'bob attacked (8, 2) - miss', 'attacker_id': 'bob', 'row': 8, 'col': 2, 'result': 'miss'} (<class 'dict'>)
[DEBUG] Received event object: {'event': 'TurnEvent', 'message': "It is now alice's turn.", 'player_id': 'alice'} (<class 'dict'>)
[DEBUG] Received event object: {'event': 'AttackEvent', 'message': 'alice attacked (0, 9) - hit', 'attacker_id': 'alice', 'row': 0, 'col': 9, 'result': 'hit'} (<class 'dict'>)
[DEBUG] Received event object: {'event': 'ShipSunkEvent', 'message': 'alice sank Carrier', 'attacker_id': 'alice', 'ship_name': 'Carrier'} (<class 'dict'>)
[DEBUG] Received event object: {'event': 'GameOverEvent', 'message': 'alice wins the game!', 'winner_id': 'alice'} (<class 'dict'>)
[DEBUG GUI] Extracted winner_id: alice
